<?xml version="1.0" encoding="UTF-8"?>
<testng-results ignored="0" total="1" passed="1" failed="0" skipped="0">
  <reporter-output>
  </reporter-output>
  <suite started-at="2023-01-05T15:52:54 AMT" name="All Test Suite" finished-at="2023-01-05T15:53:01 AMT" duration-ms="7026">
    <groups>
    </groups>
    <test started-at="2023-01-05T15:52:54 AMT" name="C:/Users/Vahagn&#039;s PC/Desktop/Demo/Demo" finished-at="2023-01-05T15:53:01 AMT" duration-ms="7026">
      <class name="tests.searchappartments.SearchApparmentsTest">
        <test-method signature="checkIsRedirectToListing()[pri:0, instance:tests.searchappartments.SearchApparmentsTest@340b7ef6]" started-at="2023-01-05T15:52:54 AMT" name="checkIsRedirectToListing" finished-at="2023-01-05T15:53:01 AMT" duration-ms="6878" status="PASS">
          <reporter-output>
          </reporter-output>
        </test-method> <!-- checkIsRedirectToListing -->
        <test-method is-config="true" signature="clearCookiesAndLocalStorage()[pri:0, instance:tests.searchappartments.SearchApparmentsTest@340b7ef6]" started-at="2023-01-05T15:53:01 AMT" name="clearCookiesAndLocalStorage" finished-at="2023-01-05T15:53:01 AMT" duration-ms="63" status="PASS">
          <reporter-output>
          </reporter-output>
        </test-method> <!-- clearCookiesAndLocalStorage -->
        <test-method is-config="true" signature="close()[pri:0, instance:tests.searchappartments.SearchApparmentsTest@340b7ef6]" started-at="2023-01-05T15:53:01 AMT" name="close" finished-at="2023-01-05T15:53:01 AMT" duration-ms="125" status="PASS">
          <reporter-output>
          </reporter-output>
        </test-method> <!-- close -->
      </class> <!-- tests.searchappartments.SearchApparmentsTest -->
    </test> <!-- C:/Users/Vahagn's PC/Desktop/Demo/Demo -->
  </suite> <!-- All Test Suite -->
</testng-results>
